Flow report for final
Mon Dec 02 16:16:10 2024
Quartus II Version 9.0 Build 132 02/25/2009 SJ Web Edition


---------------------
; Table of Contents ;
---------------------
  1. Legal Notice
  2. Flow Summary
  3. Flow Settings
  4. Flow Non-Default Global Settings
  5. Flow Elapsed Time
  6. Flow OS Summary
  7. Flow Log



----------------
; Legal Notice ;
----------------
Copyright (C) 1991-2009 Altera Corporation
Your use of Altera Corporation's design tools, logic functions 
and other software and tools, and its AMPP partner logic 
functions, and any output files from any of the foregoing 
(including device programming or simulation files), and any 
associated documentation or information are expressly subject 
to the terms and conditions of the Altera Program License 
Subscription Agreement, Altera MegaCore Function License 
Agreement, or other applicable license agreement, including, 
without limitation, that your use is for the sole purpose of 
programming logic devices manufactured by Altera and sold by 
Altera or its authorized distributors.  Please refer to the 
applicable agreement for further details.



+-------------------------------------------------------------------+
; Flow Summary                                                      ;
+-------------------------+-----------------------------------------+
; Flow Status             ; Successful - Mon Dec 02 16:16:10 2024   ;
; Quartus II Version      ; 9.0 Build 132 02/25/2009 SJ Web Edition ;
; Revision Name           ; final                                   ;
; Top-level Entity Name   ; final                                   ;
; Family                  ; Cyclone                                 ;
; Device                  ; EP1C6Q240C8                             ;
; Timing Models           ; Final                                   ;
; Met timing requirements ; No                                      ;
; Total logic elements    ; 2,858 / 5,980 ( 48 % )                  ;
; Total pins              ; 54 / 185 ( 29 % )                       ;
; Total virtual pins      ; 0                                       ;
; Total memory bits       ; 0 / 92,160 ( 0 % )                      ;
; Total PLLs              ; 0 / 2 ( 0 % )                           ;
+-------------------------+-----------------------------------------+


+-----------------------------------------+
; Flow Settings                           ;
+-------------------+---------------------+
; Option            ; Setting             ;
+-------------------+---------------------+
; Start date & time ; 12/02/2024 16:15:38 ;
; Main task         ; Compilation         ;
; Revision Name     ; final               ;
+-------------------+---------------------+


+--------------------------------------------------------------------------------------------------------------------------+
; Flow Non-Default Global Settings                                                                                         ;
+------------------------------------+--------------------------------------+---------------+-------------+----------------+
; Assignment Name                    ; Value                                ; Default Value ; Entity Name ; Section Id     ;
+------------------------------------+--------------------------------------+---------------+-------------+----------------+
; COMPILER_SIGNATURE_ID              ; 70465351014697.173312733800676       ; --            ; --          ; --             ;
; MISC_FILE                          ; C:/altera/90/quartus/final/final.dpf ; --            ; --          ; --             ;
; PARTITION_COLOR                    ; 16764057                             ; --            ; --          ; Top            ;
; PARTITION_NETLIST_TYPE             ; SOURCE                               ; --            ; --          ; Top            ;
; USE_GENERATED_PHYSICAL_CONSTRAINTS ; Off                                  ; --            ; --          ; eda_blast_fpga ;
+------------------------------------+--------------------------------------+---------------+-------------+----------------+


+-----------------------------------------------------------------------------------------------------------------------------+
; Flow Elapsed Time                                                                                                           ;
+-------------------------+--------------+-------------------------+---------------------+------------------------------------+
; Module Name             ; Elapsed Time ; Average Processors Used ; Peak Virtual Memory ; Total CPU Time (on all processors) ;
+-------------------------+--------------+-------------------------+---------------------+------------------------------------+
; Analysis & Synthesis    ; 00:00:15     ; 1.0                     ; 184 MB              ; 00:00:15                           ;
; Fitter                  ; 00:00:10     ; 1.0                     ; 181 MB              ; 00:00:10                           ;
; Assembler               ; 00:00:01     ; 1.0                     ; 158 MB              ; 00:00:01                           ;
; Classic Timing Analyzer ; 00:00:02     ; 1.0                     ; 134 MB              ; 00:00:01                           ;
; Total                   ; 00:00:28     ; --                      ; --                  ; 00:00:27                           ;
+-------------------------+--------------+-------------------------+---------------------+------------------------------------+


+---------------------------------------------------------------------------------------+
; Flow OS Summary                                                                       ;
+-------------------------+------------------+------------+------------+----------------+
; Module Name             ; Machine Hostname ; OS Name    ; OS Version ; Processor type ;
+-------------------------+------------------+------------+------------+----------------+
; Analysis & Synthesis    ; 1-e3c86db2ac9e4  ; Windows XP ; 5.1        ; i686           ;
; Fitter                  ; 1-e3c86db2ac9e4  ; Windows XP ; 5.1        ; i686           ;
; Assembler               ; 1-e3c86db2ac9e4  ; Windows XP ; 5.1        ; i686           ;
; Classic Timing Analyzer ; 1-e3c86db2ac9e4  ; Windows XP ; 5.1        ; i686           ;
+-------------------------+------------------+------------+------------+----------------+


------------
; Flow Log ;
------------
quartus_map --read_settings_files=on --write_settings_files=off final -c final
quartus_fit --read_settings_files=off --write_settings_files=off final -c final
quartus_asm --read_settings_files=off --write_settings_files=off final -c final
quartus_tan --read_settings_files=off --write_settings_files=off final -c final --timing_analysis_only



